0 info it worked if it ends with ok
1 verbose cli [ '/usr/bin/nodejs', '/usr/bin/npm', 'run', 'stop' ]
2 info using npm@3.5.2
3 info using node@v4.2.6
4 verbose run-script [ 'prestop', 'stop', 'poststop' ]
5 info lifecycle achievement-book@1.0.0~prestop: achievement-book@1.0.0
6 silly lifecycle achievement-book@1.0.0~prestop: no script for prestop, continuing
7 info lifecycle achievement-book@1.0.0~stop: achievement-book@1.0.0
8 verbose lifecycle achievement-book@1.0.0~stop: unsafe-perm in lifecycle true
9 verbose lifecycle achievement-book@1.0.0~stop: PATH: /usr/share/npm/bin/node-gyp-bin:/home/zkn99/Documents/CodeWeb/achievement-book/node_modules/.bin:/home/zkn99/bin:/home/zkn99/.local/bin:/home/zkn99/bin:/home/zkn99/.local/bin:/usr/local/sbin:/usr/local/bin:/usr/sbin:/usr/bin:/sbin:/bin:/usr/games:/usr/local/games:/snap/bin
10 verbose lifecycle achievement-book@1.0.0~stop: CWD: /home/zkn99/Documents/CodeWeb/achievement-book
11 silly lifecycle achievement-book@1.0.0~stop: Args: [ '-c', 'forever stopall' ]
12 info lifecycle achievement-book@1.0.0~stop: Failed to exec stop script
13 verbose stack Error: achievement-book@1.0.0 stop: `forever stopall`
13 verbose stack spawn ENOENT
13 verbose stack     at ChildProcess.<anonymous> (/usr/share/npm/lib/utils/spawn.js:17:16)
13 verbose stack     at emitTwo (events.js:87:13)
13 verbose stack     at ChildProcess.emit (events.js:172:7)
13 verbose stack     at maybeClose (internal/child_process.js:821:16)
13 verbose stack     at Process.ChildProcess._handle.onexit (internal/child_process.js:211:5)
14 verbose pkgid achievement-book@1.0.0
15 verbose cwd /home/zkn99/Documents/CodeWeb/achievement-book
16 error Linux 4.10.0-42-generic
17 error argv "/usr/bin/nodejs" "/usr/bin/npm" "run" "stop"
18 error node v4.2.6
19 error npm  v3.5.2
20 error file sh
21 error code ELIFECYCLE
22 error errno ENOENT
23 error syscall spawn
24 error achievement-book@1.0.0 stop: `forever stopall`
24 error spawn ENOENT
25 error Failed at the achievement-book@1.0.0 stop script 'forever stopall'.
25 error Make sure you have the latest version of node.js and npm installed.
25 error If you do, this is most likely a problem with the achievement-book package,
25 error not with npm itself.
25 error Tell the author that this fails on your system:
25 error     forever stopall
25 error You can get information on how to open an issue for this project with:
25 error     npm bugs achievement-book
25 error Or if that isn't available, you can get their info via:
25 error     npm owner ls achievement-book
25 error There is likely additional logging output above.
26 verbose exit [ 1, true ]
